2021-06-17T13:44:54+00:00 CRITICAL Uncaught Error: Unknown named parameter $tasks_meta_id in C:\xampp\htdocs\wordpress\wp-includes\class-wp-hook.php:292
Stack trace:
#0 C:\xampp\htdocs\wordpress\wp-includes\class-wp-hook.php(316): WP_Hook->apply_filters('', Array)
#1 C:\xampp\htdocs\wordpress\wp-includes\plugin.php(551): WP_Hook->do_action(Array)
#2 C:\xampp\htdocs\wordpress\wp-content\plugins\woocommerce\packages\action-scheduler\classes\actions\ActionScheduler_Action.php(22): do_action_ref_array('wpforms_process...', Array)
#3 C:\xampp\htdocs\wordpress\wp-content\plugins\woocommerce\packages\action-scheduler\classes\abstracts\ActionScheduler_Abstract_QueueRunner.php(65): ActionScheduler_Action->execute()
#4 C:\xampp\htdocs\wordpress\wp-content\plugins\woocommerce\packages\action-scheduler\classes\ActionScheduler_QueueRunner.php(162): ActionScheduler_Abstract_QueueRunner->process_action(207, 'WP Cron')
#5 C:\xampp\htdocs\wordpress\wp-content\plugins\woocommerce\packages\action-scheduler\classes\ActionScheduler_QueueRunner.php(132): ActionScheduler_QueueRunner->do_batch(25, 'WP Cron')
#6 C:\xampp\htdocs\wordpress\wp-includes\class-wp-hook.php(292): ActionScheduler_QueueRunner->run('WP Cron')
#7 C:\xampp\htdocs\wordpress\wp-includes\class-wp-hook.php(316): WP_Hook->apply_filters('', Array)
#8 C:\xampp\htdocs\wordpress\wp-includes\plugin.php(551): WP_Hook->do_action(Array)
#9 C:\xampp\htdocs\wordpress\wp-cron.php(138): do_action_ref_array('action_schedule...', Array)
#10 {main}
  thrown in C:\xampp\htdocs\wordpress\wp-includes\class-wp-hook.php on line 292

2021-06-17T13:45:57+00:00 CRITICAL Uncaught Error: Unknown named parameter $tasks_meta_id in C:\xampp\htdocs\wordpress\wp-includes\class-wp-hook.php:292
Stack trace:
#0 C:\xampp\htdocs\wordpress\wp-includes\class-wp-hook.php(316): WP_Hook->apply_filters('', Array)
#1 C:\xampp\htdocs\wordpress\wp-includes\plugin.php(551): WP_Hook->do_action(Array)
#2 C:\xampp\htdocs\wordpress\wp-content\plugins\woocommerce\packages\action-scheduler\classes\actions\ActionScheduler_Action.php(22): do_action_ref_array('wpforms_admin_n...', Array)
#3 C:\xampp\htdocs\wordpress\wp-content\plugins\woocommerce\packages\action-scheduler\classes\abstracts\ActionScheduler_Abstract_QueueRunner.php(65): ActionScheduler_Action->execute()
#4 C:\xampp\htdocs\wordpress\wp-content\plugins\woocommerce\packages\action-scheduler\classes\ActionScheduler_QueueRunner.php(162): ActionScheduler_Abstract_QueueRunner->process_action(229, 'Async Request')
#5 C:\xampp\htdocs\wordpress\wp-content\plugins\woocommerce\packages\action-scheduler\classes\ActionScheduler_QueueRunner.php(132): ActionScheduler_QueueRunner->do_batch(25, 'Async Request')
#6 C:\xampp\htdocs\wordpress\wp-includes\class-wp-hook.php(292): ActionScheduler_QueueRunner->run('Async Request')
#7 C:\xampp\htdocs\wordpress\wp-includes\class-wp-hook.php(316): WP_Hook->apply_filters('', Array)
#8 C:\xampp\htdocs\wordpress\wp-includes\plugin.php(484): WP_Hook->do_action(Array)
#9 C:\xampp\htdocs\wordpress\wp-content\plugins\woocommerce\packages\action-scheduler\classes\ActionScheduler_AsyncRequest_QueueRunner.php(52): do_action('action_schedule...', 'Async Request')
#10 C:\xampp\htdocs\wordpress\wp-content\plugins\woocommerce\includes\libraries\wp-async-request.php(147): ActionScheduler_AsyncRequest_QueueRunner->handle()
#11 C:\xampp\htdocs\wordpress\wp-includes\class-wp-hook.php(292): WP_Async_Request->maybe_handle('')
#12 C:\xampp\htdocs\wordpress\wp-includes\class-wp-hook.php(316): WP_Hook->apply_filters('', Array)
#13 C:\xampp\htdocs\wordpress\wp-includes\plugin.php(484): WP_Hook->do_action(Array)
#14 C:\xampp\htdocs\wordpress\wp-admin\admin-ajax.php(187): do_action('wp_ajax_as_asyn...')
#15 {main}
  thrown in C:\xampp\htdocs\wordpress\wp-includes\class-wp-hook.php on line 292

2021-06-17T13:47:45+00:00 CRITICAL Uncaught Error: Unknown named parameter $tasks_meta_id in C:\xampp\htdocs\wordpress\wp-includes\class-wp-hook.php:292
Stack trace:
#0 C:\xampp\htdocs\wordpress\wp-includes\class-wp-hook.php(316): WP_Hook->apply_filters('', Array)
#1 C:\xampp\htdocs\wordpress\wp-includes\plugin.php(551): WP_Hook->do_action(Array)
#2 C:\xampp\htdocs\wordpress\wp-content\plugins\woocommerce\packages\action-scheduler\classes\actions\ActionScheduler_Action.php(22): do_action_ref_array('wpforms_admin_n...', Array)
#3 C:\xampp\htdocs\wordpress\wp-content\plugins\woocommerce\packages\action-scheduler\classes\abstracts\ActionScheduler_Abstract_QueueRunner.php(65): ActionScheduler_Action->execute()
#4 C:\xampp\htdocs\wordpress\wp-content\plugins\woocommerce\packages\action-scheduler\classes\ActionScheduler_QueueRunner.php(162): ActionScheduler_Abstract_QueueRunner->process_action(230, 'WP Cron')
#5 C:\xampp\htdocs\wordpress\wp-content\plugins\woocommerce\packages\action-scheduler\classes\ActionScheduler_QueueRunner.php(132): ActionScheduler_QueueRunner->do_batch(25, 'WP Cron')
#6 C:\xampp\htdocs\wordpress\wp-includes\class-wp-hook.php(292): ActionScheduler_QueueRunner->run('WP Cron')
#7 C:\xampp\htdocs\wordpress\wp-includes\class-wp-hook.php(316): WP_Hook->apply_filters('', Array)
#8 C:\xampp\htdocs\wordpress\wp-includes\plugin.php(551): WP_Hook->do_action(Array)
#9 C:\xampp\htdocs\wordpress\wp-cron.php(138): do_action_ref_array('action_schedule...', Array)
#10 {main}
  thrown in C:\xampp\htdocs\wordpress\wp-includes\class-wp-hook.php on line 292

2021-06-17T13:48:50+00:00 CRITICAL Uncaught Error: Unknown named parameter $tasks_meta_id in C:\xampp\htdocs\wordpress\wp-includes\class-wp-hook.php:292
Stack trace:
#0 C:\xampp\htdocs\wordpress\wp-includes\class-wp-hook.php(316): WP_Hook->apply_filters('', Array)
#1 C:\xampp\htdocs\wordpress\wp-includes\plugin.php(551): WP_Hook->do_action(Array)
#2 C:\xampp\htdocs\wordpress\wp-content\plugins\woocommerce\packages\action-scheduler\classes\actions\ActionScheduler_Action.php(22): do_action_ref_array('wpforms_admin_n...', Array)
#3 C:\xampp\htdocs\wordpress\wp-content\plugins\woocommerce\packages\action-scheduler\classes\abstracts\ActionScheduler_Abstract_QueueRunner.php(65): ActionScheduler_Action->execute()
#4 C:\xampp\htdocs\wordpress\wp-content\plugins\woocommerce\packages\action-scheduler\classes\ActionScheduler_QueueRunner.php(162): ActionScheduler_Abstract_QueueRunner->process_action(231, 'WP Cron')
#5 C:\xampp\htdocs\wordpress\wp-content\plugins\woocommerce\packages\action-scheduler\classes\ActionScheduler_QueueRunner.php(132): ActionScheduler_QueueRunner->do_batch(25, 'WP Cron')
#6 C:\xampp\htdocs\wordpress\wp-includes\class-wp-hook.php(292): ActionScheduler_QueueRunner->run('WP Cron')
#7 C:\xampp\htdocs\wordpress\wp-includes\class-wp-hook.php(316): WP_Hook->apply_filters('', Array)
#8 C:\xampp\htdocs\wordpress\wp-includes\plugin.php(551): WP_Hook->do_action(Array)
#9 C:\xampp\htdocs\wordpress\wp-cron.php(138): do_action_ref_array('action_schedule...', Array)
#10 {main}
  thrown in C:\xampp\htdocs\wordpress\wp-includes\class-wp-hook.php on line 292

2021-06-17T13:49:59+00:00 CRITICAL Uncaught Error: Unknown named parameter $tasks_meta_id in C:\xampp\htdocs\wordpress\wp-includes\class-wp-hook.php:292
Stack trace:
#0 C:\xampp\htdocs\wordpress\wp-includes\class-wp-hook.php(316): WP_Hook->apply_filters('', Array)
#1 C:\xampp\htdocs\wordpress\wp-includes\plugin.php(551): WP_Hook->do_action(Array)
#2 C:\xampp\htdocs\wordpress\wp-content\plugins\woocommerce\packages\action-scheduler\classes\actions\ActionScheduler_Action.php(22): do_action_ref_array('wpforms_admin_n...', Array)
#3 C:\xampp\htdocs\wordpress\wp-content\plugins\woocommerce\packages\action-scheduler\classes\abstracts\ActionScheduler_Abstract_QueueRunner.php(65): ActionScheduler_Action->execute()
#4 C:\xampp\htdocs\wordpress\wp-content\plugins\woocommerce\packages\action-scheduler\classes\ActionScheduler_QueueRunner.php(162): ActionScheduler_Abstract_QueueRunner->process_action(232, 'WP Cron')
#5 C:\xampp\htdocs\wordpress\wp-content\plugins\woocommerce\packages\action-scheduler\classes\ActionScheduler_QueueRunner.php(132): ActionScheduler_QueueRunner->do_batch(25, 'WP Cron')
#6 C:\xampp\htdocs\wordpress\wp-includes\class-wp-hook.php(292): ActionScheduler_QueueRunner->run('WP Cron')
#7 C:\xampp\htdocs\wordpress\wp-includes\class-wp-hook.php(316): WP_Hook->apply_filters('', Array)
#8 C:\xampp\htdocs\wordpress\wp-includes\plugin.php(551): WP_Hook->do_action(Array)
#9 C:\xampp\htdocs\wordpress\wp-cron.php(138): do_action_ref_array('action_schedule...', Array)
#10 {main}
  thrown in C:\xampp\htdocs\wordpress\wp-includes\class-wp-hook.php on line 292

2021-06-17T13:51:00+00:00 CRITICAL Uncaught Error: Unknown named parameter $tasks_meta_id in C:\xampp\htdocs\wordpress\wp-includes\class-wp-hook.php:292
Stack trace:
#0 C:\xampp\htdocs\wordpress\wp-includes\class-wp-hook.php(316): WP_Hook->apply_filters('', Array)
#1 C:\xampp\htdocs\wordpress\wp-includes\plugin.php(551): WP_Hook->do_action(Array)
#2 C:\xampp\htdocs\wordpress\wp-content\plugins\woocommerce\packages\action-scheduler\classes\actions\ActionScheduler_Action.php(22): do_action_ref_array('wpforms_admin_n...', Array)
#3 C:\xampp\htdocs\wordpress\wp-content\plugins\woocommerce\packages\action-scheduler\classes\abstracts\ActionScheduler_Abstract_QueueRunner.php(65): ActionScheduler_Action->execute()
#4 C:\xampp\htdocs\wordpress\wp-content\plugins\woocommerce\packages\action-scheduler\classes\ActionScheduler_QueueRunner.php(162): ActionScheduler_Abstract_QueueRunner->process_action(233, 'WP Cron')
#5 C:\xampp\htdocs\wordpress\wp-content\plugins\woocommerce\packages\action-scheduler\classes\ActionScheduler_QueueRunner.php(132): ActionScheduler_QueueRunner->do_batch(25, 'WP Cron')
#6 C:\xampp\htdocs\wordpress\wp-includes\class-wp-hook.php(292): ActionScheduler_QueueRunner->run('WP Cron')
#7 C:\xampp\htdocs\wordpress\wp-includes\class-wp-hook.php(316): WP_Hook->apply_filters('', Array)
#8 C:\xampp\htdocs\wordpress\wp-includes\plugin.php(551): WP_Hook->do_action(Array)
#9 C:\xampp\htdocs\wordpress\wp-cron.php(138): do_action_ref_array('action_schedule...', Array)
#10 {main}
  thrown in C:\xampp\htdocs\wordpress\wp-includes\class-wp-hook.php on line 292

2021-06-17T13:55:35+00:00 CRITICAL Uncaught Error: Unknown named parameter $tasks_meta_id in C:\xampp\htdocs\wordpress\wp-includes\class-wp-hook.php:292
Stack trace:
#0 C:\xampp\htdocs\wordpress\wp-includes\class-wp-hook.php(316): WP_Hook->apply_filters('', Array)
#1 C:\xampp\htdocs\wordpress\wp-includes\plugin.php(551): WP_Hook->do_action(Array)
#2 C:\xampp\htdocs\wordpress\wp-content\plugins\woocommerce\packages\action-scheduler\classes\actions\ActionScheduler_Action.php(22): do_action_ref_array('wpforms_admin_n...', Array)
#3 C:\xampp\htdocs\wordpress\wp-content\plugins\woocommerce\packages\action-scheduler\classes\abstracts\ActionScheduler_Abstract_QueueRunner.php(65): ActionScheduler_Action->execute()
#4 C:\xampp\htdocs\wordpress\wp-content\plugins\woocommerce\packages\action-scheduler\classes\ActionScheduler_QueueRunner.php(162): ActionScheduler_Abstract_QueueRunner->process_action(234, 'Async Request')
#5 C:\xampp\htdocs\wordpress\wp-content\plugins\woocommerce\packages\action-scheduler\classes\ActionScheduler_QueueRunner.php(132): ActionScheduler_QueueRunner->do_batch(25, 'Async Request')
#6 C:\xampp\htdocs\wordpress\wp-includes\class-wp-hook.php(292): ActionScheduler_QueueRunner->run('Async Request')
#7 C:\xampp\htdocs\wordpress\wp-includes\class-wp-hook.php(316): WP_Hook->apply_filters('', Array)
#8 C:\xampp\htdocs\wordpress\wp-includes\plugin.php(484): WP_Hook->do_action(Array)
#9 C:\xampp\htdocs\wordpress\wp-content\plugins\woocommerce\packages\action-scheduler\classes\ActionScheduler_AsyncRequest_QueueRunner.php(52): do_action('action_schedule...', 'Async Request')
#10 C:\xampp\htdocs\wordpress\wp-content\plugins\woocommerce\includes\libraries\wp-async-request.php(147): ActionScheduler_AsyncRequest_QueueRunner->handle()
#11 C:\xampp\htdocs\wordpress\wp-includes\class-wp-hook.php(292): WP_Async_Request->maybe_handle('')
#12 C:\xampp\htdocs\wordpress\wp-includes\class-wp-hook.php(316): WP_Hook->apply_filters('', Array)
#13 C:\xampp\htdocs\wordpress\wp-includes\plugin.php(484): WP_Hook->do_action(Array)
#14 C:\xampp\htdocs\wordpress\wp-admin\admin-ajax.php(187): do_action('wp_ajax_as_asyn...')
#15 {main}
  thrown in C:\xampp\htdocs\wordpress\wp-includes\class-wp-hook.php on line 292

2021-06-17T13:56:20+00:00 CRITICAL Uncaught Error: Unknown named parameter $tasks_meta_id in C:\xampp\htdocs\wordpress\wp-includes\class-wp-hook.php:292
Stack trace:
#0 C:\xampp\htdocs\wordpress\wp-includes\class-wp-hook.php(316): WP_Hook->apply_filters('', Array)
#1 C:\xampp\htdocs\wordpress\wp-includes\plugin.php(551): WP_Hook->do_action(Array)
#2 C:\xampp\htdocs\wordpress\wp-content\plugins\woocommerce\packages\action-scheduler\classes\actions\ActionScheduler_Action.php(22): do_action_ref_array('wpforms_admin_n...', Array)
#3 C:\xampp\htdocs\wordpress\wp-content\plugins\woocommerce\packages\action-scheduler\classes\abstracts\ActionScheduler_Abstract_QueueRunner.php(65): ActionScheduler_Action->execute()
#4 C:\xampp\htdocs\wordpress\wp-content\plugins\woocommerce\packages\action-scheduler\classes\ActionScheduler_QueueRunner.php(162): ActionScheduler_Abstract_QueueRunner->process_action(235, 'WP Cron')
#5 C:\xampp\htdocs\wordpress\wp-content\plugins\woocommerce\packages\action-scheduler\classes\ActionScheduler_QueueRunner.php(132): ActionScheduler_QueueRunner->do_batch(25, 'WP Cron')
#6 C:\xampp\htdocs\wordpress\wp-includes\class-wp-hook.php(292): ActionScheduler_QueueRunner->run('WP Cron')
#7 C:\xampp\htdocs\wordpress\wp-includes\class-wp-hook.php(316): WP_Hook->apply_filters('', Array)
#8 C:\xampp\htdocs\wordpress\wp-includes\plugin.php(551): WP_Hook->do_action(Array)
#9 C:\xampp\htdocs\wordpress\wp-cron.php(138): do_action_ref_array('action_schedule...', Array)
#10 {main}
  thrown in C:\xampp\htdocs\wordpress\wp-includes\class-wp-hook.php on line 292

2021-06-17T13:56:36+00:00 CRITICAL Uncaught Error: Unknown named parameter $tasks_meta_id in C:\xampp\htdocs\wordpress\wp-includes\class-wp-hook.php:292
Stack trace:
#0 C:\xampp\htdocs\wordpress\wp-includes\class-wp-hook.php(316): WP_Hook->apply_filters('', Array)
#1 C:\xampp\htdocs\wordpress\wp-includes\plugin.php(551): WP_Hook->do_action(Array)
#2 C:\xampp\htdocs\wordpress\wp-content\plugins\woocommerce\packages\action-scheduler\classes\actions\ActionScheduler_Action.php(22): do_action_ref_array('wpforms_admin_n...', Array)
#3 C:\xampp\htdocs\wordpress\wp-content\plugins\woocommerce\packages\action-scheduler\classes\abstracts\ActionScheduler_Abstract_QueueRunner.php(65): ActionScheduler_Action->execute()
#4 C:\xampp\htdocs\wordpress\wp-content\plugins\woocommerce\packages\action-scheduler\classes\ActionScheduler_QueueRunner.php(162): ActionScheduler_Abstract_QueueRunner->process_action(236, 'Async Request')
#5 C:\xampp\htdocs\wordpress\wp-content\plugins\woocommerce\packages\action-scheduler\classes\ActionScheduler_QueueRunner.php(132): ActionScheduler_QueueRunner->do_batch(25, 'Async Request')
#6 C:\xampp\htdocs\wordpress\wp-includes\class-wp-hook.php(292): ActionScheduler_QueueRunner->run('Async Request')
#7 C:\xampp\htdocs\wordpress\wp-includes\class-wp-hook.php(316): WP_Hook->apply_filters('', Array)
#8 C:\xampp\htdocs\wordpress\wp-includes\plugin.php(484): WP_Hook->do_action(Array)
#9 C:\xampp\htdocs\wordpress\wp-content\plugins\woocommerce\packages\action-scheduler\classes\ActionScheduler_AsyncRequest_QueueRunner.php(52): do_action('action_schedule...', 'Async Request')
#10 C:\xampp\htdocs\wordpress\wp-content\plugins\woocommerce\includes\libraries\wp-async-request.php(147): ActionScheduler_AsyncRequest_QueueRunner->handle()
#11 C:\xampp\htdocs\wordpress\wp-includes\class-wp-hook.php(292): WP_Async_Request->maybe_handle('')
#12 C:\xampp\htdocs\wordpress\wp-includes\class-wp-hook.php(316): WP_Hook->apply_filters('', Array)
#13 C:\xampp\htdocs\wordpress\wp-includes\plugin.php(484): WP_Hook->do_action(Array)
#14 C:\xampp\htdocs\wordpress\wp-admin\admin-ajax.php(187): do_action('wp_ajax_as_asyn...')
#15 {main}
  thrown in C:\xampp\htdocs\wordpress\wp-includes\class-wp-hook.php on line 292

2021-06-17T13:57:22+00:00 CRITICAL Uncaught Error: Unknown named parameter $tasks_meta_id in C:\xampp\htdocs\wordpress\wp-includes\class-wp-hook.php:292
Stack trace:
#0 C:\xampp\htdocs\wordpress\wp-includes\class-wp-hook.php(316): WP_Hook->apply_filters('', Array)
#1 C:\xampp\htdocs\wordpress\wp-includes\plugin.php(551): WP_Hook->do_action(Array)
#2 C:\xampp\htdocs\wordpress\wp-content\plugins\woocommerce\packages\action-scheduler\classes\actions\ActionScheduler_Action.php(22): do_action_ref_array('wpforms_admin_n...', Array)
#3 C:\xampp\htdocs\wordpress\wp-content\plugins\woocommerce\packages\action-scheduler\classes\abstracts\ActionScheduler_Abstract_QueueRunner.php(65): ActionScheduler_Action->execute()
#4 C:\xampp\htdocs\wordpress\wp-content\plugins\woocommerce\packages\action-scheduler\classes\ActionScheduler_QueueRunner.php(162): ActionScheduler_Abstract_QueueRunner->process_action(237, 'WP Cron')
#5 C:\xampp\htdocs\wordpress\wp-content\plugins\woocommerce\packages\action-scheduler\classes\ActionScheduler_QueueRunner.php(132): ActionScheduler_QueueRunner->do_batch(25, 'WP Cron')
#6 C:\xampp\htdocs\wordpress\wp-includes\class-wp-hook.php(292): ActionScheduler_QueueRunner->run('WP Cron')
#7 C:\xampp\htdocs\wordpress\wp-includes\class-wp-hook.php(316): WP_Hook->apply_filters('', Array)
#8 C:\xampp\htdocs\wordpress\wp-includes\plugin.php(551): WP_Hook->do_action(Array)
#9 C:\xampp\htdocs\wordpress\wp-cron.php(138): do_action_ref_array('action_schedule...', Array)
#10 {main}
  thrown in C:\xampp\htdocs\wordpress\wp-includes\class-wp-hook.php on line 292

2021-06-17T13:57:22+00:00 CRITICAL Uncaught TypeError: fclose(): Argument #1 ($stream) must be of type resource, bool given in C:\xampp\htdocs\wordpress\wp-content\plugins\cartflows\classes\logger\class-cartflows-log-handler-file.php:147
Stack trace:
#0 C:\xampp\htdocs\wordpress\wp-content\plugins\cartflows\classes\logger\class-cartflows-log-handler-file.php(147): fclose(false)
#1 C:\xampp\htdocs\wordpress\wp-content\plugins\cartflows\classes\logger\class-cartflows-log-handler-file.php(207): Cartflows_Log_Handler_File->open('cartflows')
#2 C:\xampp\htdocs\wordpress\wp-content\plugins\cartflows\classes\logger\class-cartflows-log-handler-file.php(99): Cartflows_Log_Handler_File->add('2021-06-17T13:5...', 'cartflows')
#3 C:\xampp\htdocs\wordpress\wp-content\plugins\cartflows\classes\logger\class-cartflows-wc-logger.php(144): Cartflows_Log_Handler_File->handle(1623938242, 'info', 'Start-Cartflows...', Array)
#4 C:\xampp\htdocs\wordpress\wp-content\plugins\cartflows\classes\class-cartflows-logger.php(102): Cartflows_WC_Logger->log('info', 'Start-Cartflows...', Array)
#5 C:\xampp\htdocs\wordpress\wp-content\plugins\cartflows\classes\class-cartflows-frontend.php(61): Cartflows_Logger->log('Start-Cartflows...')
#6 C:\xampp\htdocs\wordpress\wp-includes\class-wp-hook.php(292): Cartflows_Frontend->redirect_to_thankyou_page('https://localho...', Object(Automattic\WooCommerce\Admin\Overrides\Order))
#7 C:\xampp\htdocs\wordpress\wp-includes\plugin.php(212): WP_Hook->apply_filters('https://localho...', Array)
#8 C:\xampp\htdocs\wordpress\wp-content\plugins\woocommerce\includes\class-wc-order.php(1585): apply_filters('woocommerce_get...', 'https://localho...', Object(Automattic\WooCommerce\Admin\Overrides\Order))
#9 C:\xampp\htdocs\wordpress\wp-content\plugins\woocommerce\includes\abstracts\abstract-wc-payment-gateway.php(226): WC_Order->get_checkout_order_received_url()
#10 C:\xampp\htdocs\wordpress\wp-content\plugins\woocommerce\includes\gateways\paypal\includes\class-wc-gateway-paypal-request.php(128): WC_Payment_Gateway->get_return_url(Object(Automattic\WooCommerce\Admin\Overrides\Order))
#11 C:\xampp\htdocs\wordpress\wp-content\plugins\woocommerce\includes\gateways\paypal\includes\class-wc-gateway-paypal-request.php(204): WC_Gateway_Paypal_Request->get_transaction_args(Object(Automattic\WooCommerce\Admin\Overrides\Order))
#12 C:\xampp\htdocs\wordpress\wp-content\plugins\woocommerce\includes\gateways\paypal\includes\class-wc-gateway-paypal-request.php(67): WC_Gateway_Paypal_Request->get_paypal_args(Object(Automattic\WooCommerce\Admin\Overrides\Order))
#13 C:\xampp\htdocs\wordpress\wp-content\plugins\woocommerce\includes\gateways\paypal\class-wc-gateway-paypal.php(329): WC_Gateway_Paypal_Request->get_request_url(Object(Automattic\WooCommerce\Admin\Overrides\Order), false)
#14 C:\xampp\htdocs\wordpress\wp-content\plugins\woocommerce\includes\class-wc-checkout.php(971): WC_Gateway_Paypal->process_payment(2683)
#15 C:\xampp\htdocs\wordpress\wp-content\plugins\woocommerce\includes\class-wc-checkout.php(1186): WC_Checkout->process_order_payment(2683, 'paypal')
#16 C:\xampp\htdocs\wordpress\wp-content\plugins\woocommerce\includes\class-wc-ajax.php(466): WC_Checkout->process_checkout()
#17 C:\xampp\htdocs\wordpress\wp-includes\class-wp-hook.php(292): WC_AJAX::checkout('')
#18 C:\xampp\htdocs\wordpress\wp-includes\class-wp-hook.php(316): WP_Hook->apply_filters('', Array)
#19 C:\xampp\htdocs\wordpress\wp-includes\plugin.php(484): WP_Hook->do_action(Array)
#20 C:\xampp\htdocs\wordpress\wp-content\plugins\woocommerce\includes\class-wc-ajax.php(90): do_action('wc_ajax_checkou...')
#21 C:\xampp\htdocs\wordpress\wp-includes\class-wp-hook.php(292): WC_AJAX::do_wc_ajax('')
#22 C:\xampp\htdocs\wordpress\wp-includes\class-wp-hook.php(316): WP_Hook->apply_filters(false, Array)
#23 C:\xampp\htdocs\wordpress\wp-includes\plugin.php(484): WP_Hook->do_action(Array)
#24 C:\xampp\htdocs\wordpress\wp-includes\template-loader.php(13): do_action('template_redire...')
#25 C:\xampp\htdocs\wordpress\wp-blog-header.php(19): require_once('C:\\xampp\\htdocs...')
#26 C:\xampp\htdocs\wordpress\index.php(17): require('C:\\xampp\\htdocs...')
#27 {main}
  thrown in C:\xampp\htdocs\wordpress\wp-content\plugins\cartflows\classes\logger\class-cartflows-log-handler-file.php on line 147

